<?xml version="1.0" encoding="UTF-8"?>
<!-- Generated by org.testng.reporters.JUnitReportReporter -->
<testsuite hostname="DESKTOP-C1818U0" failures="0" tests="5" name="test.TestCases" time="21.973" errors="0" timestamp="2021-03-02T15:59:21 IST" skipped="0">
  <testcase classname="test.TestCases" name="invokeDriver" time="5.041"/>
  <system-out/>
  <testcase classname="test.TestCases" name="openbrowser" time="7.915"/>
  <system-out/>
  <testcase classname="test.TestCases" name="selectFormStudentInsurance" time="0.773"/>
  <system-out/>
  <testcase classname="test.TestCases" name="NavigateTravelInsurance" time="6.339"/>
  <system-out/>
  <testcase classname="test.TestCases" name="fillTravelDetails" time="1.905"/>
  <system-out/>
</testsuite> <!-- test.TestCases -->
