<?xml version="1.0" encoding="UTF-8"?>
<!-- Generated by org.testng.reporters.JUnitReportReporter -->
<testsuite hostname="DESKTOP-C1818U0" failures="0" tests="4" name="pages.HealthInsuranceList" time="20.266" errors="0" timestamp="2021-03-03T13:43:57 IST" skipped="0">
  <testcase classname="pages.HealthInsuranceList" name="invokeDriver" time="10.401"/>
  <system-out/>
  <testcase classname="pages.HealthInsuranceList" name="openbrowser" time="8.371"/>
  <system-out/>
  <testcase classname="pages.HealthInsuranceList" name="HoverToDropdown" time="0.788"/>
  <system-out/>
  <testcase classname="pages.HealthInsuranceList" name="FetchHealthInsuranceListItems" time="0.706"/>
  <system-out/>
</testsuite> <!-- pages.HealthInsuranceList -->
