<?xml version="1.0" encoding="UTF-8"?>
<!-- Generated by org.testng.reporters.JUnitReportReporter -->
<testsuite hostname="DESKTOP-C1818U0" failures="0" tests="11" name="test.TravelInsurance" time="57.000" errors="0" timestamp="2021-03-02T18:14:52 IST" skipped="0">
  <testcase classname="test.TravelInsurance" name="invokeDriver" time="10.786"/>
  <system-out/>
  <testcase classname="test.TravelInsurance" name="openbrowser" time="13.725"/>
  <system-out/>
  <testcase classname="test.TravelInsurance" name="NavigateTravelInsurance" time="7.907"/>
  <system-out/>
  <testcase classname="test.TravelInsurance" name="selectFormStudentInsurance" time="0.977"/>
  <system-out/>
  <testcase classname="test.TravelInsurance" name="fillTravelDetails" time="4.003"/>
  <system-out/>
  <testcase classname="test.TravelInsurance" name="selectDates" time="4.726"/>
  <system-out/>
  <testcase classname="test.TravelInsurance" name="clickproceed" time="0.603"/>
  <system-out/>
  <testcase classname="test.TravelInsurance" name="fillpersonaldetails" time="1.620"/>
  <system-out/>
  <testcase classname="test.TravelInsurance" name="getQuotes" time="0.296"/>
  <system-out/>
  <testcase classname="test.TravelInsurance" name="PrintLowPriceHotels" time="11.885"/>
  <system-out/>
  <testcase classname="test.TravelInsurance" name="printlowdetails" time="0.472"/>
  <system-out/>
</testsuite> <!-- test.TravelInsurance -->
