<?xml version="1.0" encoding="UTF-8"?>
<!-- Generated by org.testng.reporters.JUnitReportReporter -->
<testsuite hostname="DESKTOP-C1818U0" failures="0" tests="13" name="pages.CarInsurance" time="35.854" errors="0" timestamp="2021-03-03T14:49:19 IST" skipped="0">
  <testcase classname="pages.CarInsurance" name="invokeDriver" time="8.428"/>
  <system-out/>
  <testcase classname="pages.CarInsurance" name="openbrowser" time="12.202"/>
  <system-out/>
  <testcase classname="pages.CarInsurance" name="ClickCarInsurance" time="0.393"/>
  <system-out/>
  <testcase classname="pages.CarInsurance" name="ProceedWithoutCarNumber" time="6.746"/>
  <system-out/>
  <testcase classname="pages.CarInsurance" name="selectCity" time="0.276"/>
  <system-out/>
  <testcase classname="pages.CarInsurance" name="selectRto" time="0.456"/>
  <system-out/>
  <testcase classname="pages.CarInsurance" name="selectCarBrand" time="1.176"/>
  <system-out/>
  <testcase classname="pages.CarInsurance" name="selectCarModel" time="0.846"/>
  <system-out/>
  <testcase classname="pages.CarInsurance" name="selectFuelType" time="0.900"/>
  <system-out/>
  <testcase classname="pages.CarInsurance" name="selectcarVarient" time="0.936"/>
  <system-out/>
  <testcase classname="pages.CarInsurance" name="selectCarYear" time="0.900"/>
  <system-out/>
  <testcase classname="pages.CarInsurance" name="fillFormCarInsurance" time="2.316"/>
  <system-out/>
  <testcase classname="pages.CarInsurance" name="fetchError" time="0.279"/>
  <system-out/>
</testsuite> <!-- pages.CarInsurance -->
